app/agentLibrary/build/outputs/logs/manifest-merger-debug-report.txt
-- Merging decision tree log ---
manifest
ADDED from src\main\AndroidManifest.xml:2:1-49:12
INJECTED from src\main\AndroidManifest.xml:2:1-49:12
INJECTED from src\main\AndroidManifest.xml:2:1-49:12
	package
		INJECTED from src\main\AndroidManifest.xml
		ADDED from src\main\AndroidManifest.xml:2:1-49:12
		INJECTED from src\main\AndroidManifest.xml
	xmlns:tools
		ADDED from src\main\AndroidManifest.xml:3:5-51
	xmlns:android
		ADDED from src\main\AndroidManifest.xml:2:11-69
uses-permission#android.permission.INTERNET
ADDED from src\main\AndroidManifest.xml:4:5-67
	android:name
		ADDED from src\main\AndroidManifest.xml:4:22-64
uses-permission#android.permission.READ_PRIVILEGED_PHONE_STATE
ADDED from src\main\AndroidManifest.xml:5:5-86
	android:name
		ADDED from src\main\AndroidManifest.xml:5:22-83
uses-permission#android.permission.SET_TIME
ADDED from src\main\AndroidManifest.xml:6:5-8:47
	tools:ignore
		ADDED from src\main\AndroidManifest.xml:8:9-44
	android:name
		ADDED from src\main\AndroidManifest.xml:7:9-51
uses-permission#android.permission.WAKE_LOCK
ADDED from src\main\AndroidManifest.xml:9:5-68
	android:name
		ADDED from src\main\AndroidManifest.xml:9:22-65
uses-permission#android.permission.ACCESS_NETWORK_STATE
ADDED from src\main\AndroidManifest.xml:10:5-79
	android:name
		ADDED from src\main\AndroidManifest.xml:10:22-76
uses-permission#android.permission.READ_EXTERNAL_STORAGE
ADDED from src\main\AndroidManifest.xml:11:5-80
	android:name
		ADDED from src\main\AndroidManifest.xml:11:22-77
uses-permission#android.permission.READ_INTERNAL_STORAGE
ADDED from src\main\AndroidManifest.xml:12:5-80
	android:name
		ADDED from src\main\AndroidManifest.xml:12:22-77
uses-permission#android.permission.WRITE_EXTERNAL_STORAGE
ADDED from src\main\AndroidManifest.xml:13:5-81
	android:name
		ADDED from src\main\AndroidManifest.xml:13:22-78
uses-permission#android.permission.WRITE_INTERNAL_STORAGE
ADDED from src\main\AndroidManifest.xml:14:5-81
	android:name
		ADDED from src\main\AndroidManifest.xml:14:22-78
uses-permission#android.permission.MANAGE_EXTERNAL_STORAGE
ADDED from src\main\AndroidManifest.xml:15:5-81
	android:name
		ADDED from src\main\AndroidManifest.xml:15:22-79
uses-permission#android.permission.DOWNLOAD_WITHOUT_NOTIFICATION
ADDED from src\main\AndroidManifest.xml:16:5-88
	android:name
		ADDED from src\main\AndroidManifest.xml:16:22-85
uses-permission#android.permission.REQUEST_INSTALL_PACKAGES
ADDED from src\main\AndroidManifest.xml:17:5-82
	android:name
		ADDED from src\main\AndroidManifest.xml:17:22-80
permission#com.verifone.dmsAgent.ACCESS_DMS_AGENT_SERVICE
ADDED from src\main\AndroidManifest.xml:18:5-20:43
	android:label
		ADDED from src\main\AndroidManifest.xml:19:9-78
	android:protectionLevel
		ADDED from src\main\AndroidManifest.xml:20:9-41
	android:name
		ADDED from src\main\AndroidManifest.xml:18:17-78
application
ADDED from src\main\AndroidManifest.xml:22:5-47:19
	android:largeHeap
		ADDED from src\main\AndroidManifest.xml:24:9-33
	android:allowBackup
		ADDED from src\main\AndroidManifest.xml:23:9-36
	android:name
		ADDED from src\main\AndroidManifest.xml:22:18-53
service#com.verifone.dms.agent.lib.json.sevice.DMSAgentService
ADDED from src\main\AndroidManifest.xml:25:9-34:19
	android:requestLegacyExternalStorage
		ADDED from src\main\AndroidManifest.xml:29:13-56
	android:enabled
		ADDED from src\main\AndroidManifest.xml:27:13-35
	android:exported
		ADDED from src\main\AndroidManifest.xml:28:13-36
	android:permission
		ADDED from src\main\AndroidManifest.xml:30:13-80
	android:name
		ADDED from src\main\AndroidManifest.xml:26:13-56
intent-filter#action:name:com.verifone.mqtt.ACTION_BIND_MQTT
ADDED from src\main\AndroidManifest.xml:31:13-33:29
action#com.verifone.mqtt.ACTION_BIND_MQTT
ADDED from src\main\AndroidManifest.xml:32:17-77
	android:name
		ADDED from src\main\AndroidManifest.xml:32:25-74
service#org.eclipse.paho.android.service.MqttService
ADDED from src\main\AndroidManifest.xml:36:9-80
	android:name
		ADDED from src\main\AndroidManifest.xml:36:18-77
provider#androidx.core.content.FileProvider
ADDED from src\main\AndroidManifest.xml:38:9-46:20
	android:grantUriPermissions
		ADDED from src\main\AndroidManifest.xml:42:13-47
	android:authorities
		ADDED from src\main\AndroidManifest.xml:40:13-60
	android:exported
		ADDED from src\main\AndroidManifest.xml:41:13-37
	android:name
		ADDED from src\main\AndroidManifest.xml:39:13-62
meta-data#android.support.FILE_PROVIDER_PATHS
ADDED from src\main\AndroidManifest.xml:43:13-45:58
	android:resource
		ADDED from src\main\AndroidManifest.xml:45:17-55
	android:name
		ADDED from src\main\AndroidManifest.xml:44:17-67
uses-sdk
INJECTED from src\main\AndroidManifest.xml reason: use-sdk injection requested
INJECTED from src\main\AndroidManifest.xml
INJECTED from src\main\AndroidManifest.xml
INJECTED from src\main\AndroidManifest.xml
INJECTED from src\main\AndroidManifest.xml
	android:targetSdkVersion
		INJECTED from src\main\AndroidManifest.xml
		ADDED from src\main\AndroidManifest.xml
		INJECTED from src\main\AndroidManifest.xml
	android:minSdkVersion
		INJECTED from src\main\AndroidManifest.xml
		ADDED from src\main\AndroidManifest.xml
		INJECTED from src\main\AndroidManifest.xml